[debug] [2018-01-13T00:37:09.964Z] ----------------------------------------------------------------------
[debug] [2018-01-13T00:37:09.967Z] Command:       /usr/local/bin/node /usr/local/bin/firebase deploy
[debug] [2018-01-13T00:37:09.967Z] CLI Version:   3.15.4
[debug] [2018-01-13T00:37:09.967Z] Platform:      darwin
[debug] [2018-01-13T00:37:09.967Z] Node Version:  v6.10.0
[debug] [2018-01-13T00:37:09.968Z] Time:          Fri Jan 12 2018 18:37:09 GMT-0600 (CST)
[debug] [2018-01-13T00:37:09.968Z] ----------------------------------------------------------------------
[debug] 
[debug] [2018-01-13T00:37:09.980Z] > command requires scopes: ["email","openid","https://www.googleapis.com/auth/cloudplatformprojects.readonly","https://www.googleapis.com/auth/firebase","https://www.googleapis.com/auth/cloud-platform"]
[debug] [2018-01-13T00:37:09.981Z] > authorizing via signed-in user
[debug] [2018-01-13T00:37:09.983Z] > refreshing access token with scopes: ["email","https://www.googleapis.com/auth/cloud-platform","https://www.googleapis.com/auth/cloudplatformprojects.readonly","https://www.googleapis.com/auth/firebase","openid"]
[debug] [2018-01-13T00:37:09.983Z] >>> HTTP REQUEST POST https://www.googleapis.com/oauth2/v3/token { refresh_token: '1/2wf5raZ-Lce8kWwuZ1Vv8xvvAOIcLRI58VeQGSWBU7g',
  client_id: '563584335869-fgrhgmd47bqnekij5i8b5pr03ho849e6.apps.googleusercontent.com',
  client_secret: 'j9iVZfS8kkCEFUPaAeJV0sAi',
  grant_type: 'refresh_token',
  scope: 'email https://www.googleapis.com/auth/cloud-platform https://www.googleapis.com/auth/cloudplatformprojects.readonly https://www.googleapis.com/auth/firebase openid' } 
 Fri Jan 12 2018 18:37:09 GMT-0600 (CST)
[debug] [2018-01-13T00:37:10.170Z] <<< HTTP RESPONSE 200
[debug] [2018-01-13T00:37:10.174Z] >>> HTTP REQUEST GET https://admin.firebase.com/v1/projects/fixter-67253  
 Fri Jan 12 2018 18:37:10 GMT-0600 (CST)
[debug] [2018-01-13T00:37:10.596Z] <<< HTTP RESPONSE 200
[debug] [2018-01-13T00:37:10.597Z] >>> HTTP REQUEST GET https://admin.firebase.com/v1/database/fixter-67253/tokens  
 Fri Jan 12 2018 18:37:10 GMT-0600 (CST)
[debug] [2018-01-13T00:38:37.358Z] ----------------------------------------------------------------------
[debug] [2018-01-13T00:38:37.361Z] Command:       /usr/local/bin/node /usr/local/bin/firebase deploy
[debug] [2018-01-13T00:38:37.362Z] CLI Version:   3.15.4
[debug] [2018-01-13T00:38:37.362Z] Platform:      darwin
[debug] [2018-01-13T00:38:37.362Z] Node Version:  v6.10.0
[debug] [2018-01-13T00:38:37.362Z] Time:          Fri Jan 12 2018 18:38:37 GMT-0600 (CST)
[debug] [2018-01-13T00:38:37.362Z] ----------------------------------------------------------------------
[debug] 
[debug] [2018-01-13T00:38:37.374Z] > command requires scopes: ["email","openid","https://www.googleapis.com/auth/cloudplatformprojects.readonly","https://www.googleapis.com/auth/firebase","https://www.googleapis.com/auth/cloud-platform"]
[debug] [2018-01-13T00:38:37.375Z] > authorizing via signed-in user
[debug] [2018-01-13T00:38:37.377Z] >>> HTTP REQUEST GET https://admin.firebase.com/v1/projects/fixter-67253  
 Fri Jan 12 2018 18:38:37 GMT-0600 (CST)
[debug] [2018-01-13T00:38:37.746Z] <<< HTTP RESPONSE 200
[debug] [2018-01-13T00:38:37.747Z] >>> HTTP REQUEST GET https://admin.firebase.com/v1/database/fixter-67253/tokens  
 Fri Jan 12 2018 18:38:37 GMT-0600 (CST)
[debug] [2018-01-13T00:39:17.433Z] <<< HTTP RESPONSE 200
[debug] [2018-01-13T00:39:56.405Z] ----------------------------------------------------------------------
[debug] [2018-01-13T00:39:56.408Z] Command:       /usr/local/bin/node /usr/local/bin/firebase deploy
[debug] [2018-01-13T00:39:56.409Z] CLI Version:   3.15.4
[debug] [2018-01-13T00:39:56.409Z] Platform:      darwin
[debug] [2018-01-13T00:39:56.409Z] Node Version:  v6.10.0
[debug] [2018-01-13T00:39:56.410Z] Time:          Fri Jan 12 2018 18:39:56 GMT-0600 (CST)
[debug] [2018-01-13T00:39:56.410Z] ----------------------------------------------------------------------
[debug] 
[debug] [2018-01-13T00:39:56.422Z] > command requires scopes: ["email","openid","https://www.googleapis.com/auth/cloudplatformprojects.readonly","https://www.googleapis.com/auth/firebase","https://www.googleapis.com/auth/cloud-platform"]
[debug] [2018-01-13T00:39:56.422Z] > authorizing via signed-in user
[debug] [2018-01-13T00:39:56.425Z] >>> HTTP REQUEST GET https://admin.firebase.com/v1/projects/fixter-67253  
 Fri Jan 12 2018 18:39:56 GMT-0600 (CST)
[debug] [2018-01-13T00:39:56.863Z] <<< HTTP RESPONSE 200
[debug] [2018-01-13T00:39:56.864Z] >>> HTTP REQUEST GET https://admin.firebase.com/v1/database/fixter-67253/tokens  
 Fri Jan 12 2018 18:39:56 GMT-0600 (CST)
